connect EHOSTUNREACH 142.251.12.108:587
 on company id 	5bfada30-3772-11ee-bf8f-d9e01d248025
Fri Oct 06 2023 16:56:00 GMT+0530 (India Standard Time)
connect EHOSTUNREACH 142.251.12.108:587
 on company id 	5bfada30-3772-11ee-bf8f-d9e01d248025
Fri Oct 06 2023 16:56:11 GMT+0530 (India Standard Time)
connect EHOSTUNREACH 142.251.12.108:587
 on company id 	5bfada30-3772-11ee-bf8f-d9e01d248025
Fri Oct 06 2023 16:57:06 GMT+0530 (India Standard Time)
connect ENETUNREACH 2404:6800:4003:c11::6c:587
 on company id 	null
Fri Oct 06 2023 16:57:09 GMT+0530 (India Standard Time)
connect ENETUNREACH 2404:6800:4003:c11::6c:587
 on company id 	null
Fri Oct 06 2023 16:57:12 GMT+0530 (India Standard Time)
connect ENETUNREACH 2404:6800:4003:c11::6c:587
 on company id 	null
Fri Oct 06 2023 16:57:12 GMT+0530 (India Standard Time)
connect ENETUNREACH 2404:6800:4003:c11::6c:587
 on company id 	null
Fri Oct 06 2023 16:57:12 GMT+0530 (India Standard Time)
connect ENETUNREACH 2404:6800:4003:c11::6c:587
 on company id 	null